<?xml version="1.0" encoding="UTF-8"?>
<coverage generated="1531085351075" clover="3.2.0">
  <project timestamp="1531085351076" name="All files">
    <metrics statements="123" coveredstatements="68" conditionals="65" coveredconditionals="36" methods="24" coveredmethods="16" elements="212" coveredelements="120" complexity="0" loc="123" ncloc="123" packages="2" files="6" classes="6">
      <package name="lib">
        <metrics statements="102" coveredstatements="56" conditionals="57" coveredconditionals="30" methods="17" coveredmethods="13"/>
        <file name="CardDetails.js" path="/home/njunge/projects/kadi/lib/CardDetails.js">
          <metrics statements="1" coveredstatements="1" conditionals="0" coveredconditionals="0" methods="0" coveredmethods="0"/>
          <line num="9" count="3" type="stmt"/>
        </file>
        <file name="FormatCardInput.js" path="/home/njunge/projects/kadi/lib/FormatCardInput.js">
          <metrics statements="46" coveredstatements="0" conditionals="27" coveredconditionals="0" methods="4" coveredmethods="0"/>
          <line num="3" count="0" type="stmt"/>
          <line num="4" count="0" type="stmt"/>
          <line num="5" count="0" type="cond" truecount="0" falsecount="3"/>
          <line num="6" count="0" type="stmt"/>
          <line num="9" count="0" type="stmt"/>
          <line num="10" count="0" type="stmt"/>
          <line num="12" count="0" type="cond" truecount="0" falsecount="2"/>
          <line num="13" count="0" type="stmt"/>
          <line num="15" count="0" type="stmt"/>
          <line num="20" count="0" type="stmt"/>
          <line num="21" count="0" type="cond" truecount="0" falsecount="2"/>
          <line num="22" count="0" type="cond" truecount="0" falsecount="2"/>
          <line num="23" count="0" type="stmt"/>
          <line num="24" count="0" type="stmt"/>
          <line num="25" count="0" type="stmt"/>
          <line num="26" count="0" type="stmt"/>
          <line num="27" count="0" type="stmt"/>
          <line num="28" count="0" type="stmt"/>
          <line num="29" count="0" type="stmt"/>
          <line num="32" count="0" type="cond" truecount="0" falsecount="2"/>
          <line num="33" count="0" type="stmt"/>
          <line num="34" count="0" type="stmt"/>
          <line num="35" count="0" type="stmt"/>
          <line num="36" count="0" type="stmt"/>
          <line num="38" count="0" type="stmt"/>
          <line num="39" count="0" type="stmt"/>
          <line num="44" count="0" type="stmt"/>
          <line num="46" count="0" type="stmt"/>
          <line num="47" count="0" type="cond" truecount="0" falsecount="2"/>
          <line num="48" count="0" type="stmt"/>
          <line num="49" count="0" type="cond" truecount="0" falsecount="2"/>
          <line num="50" count="0" type="stmt"/>
          <line num="52" count="0" type="stmt"/>
          <line num="57" count="0" type="cond" truecount="0" falsecount="2"/>
          <line num="58" count="0" type="stmt"/>
          <line num="59" count="0" type="cond" truecount="0" falsecount="2"/>
          <line num="60" count="0" type="stmt"/>
          <line num="61" count="0" type="cond" truecount="0" falsecount="2"/>
          <line num="62" count="0" type="stmt"/>
          <line num="63" count="0" type="cond" truecount="0" falsecount="2"/>
          <line num="64" count="0" type="stmt"/>
          <line num="65" count="0" type="cond" truecount="0" falsecount="2"/>
          <line num="66" count="0" type="stmt"/>
          <line num="67" count="0" type="cond" truecount="0" falsecount="2"/>
          <line num="68" count="0" type="stmt"/>
          <line num="70" count="0" type="stmt"/>
        </file>
        <file name="ValidateCVC.js" path="/home/njunge/projects/kadi/lib/ValidateCVC.js">
          <metrics statements="5" coveredstatements="5" conditionals="8" coveredconditionals="8" methods="1" coveredmethods="1"/>
          <line num="8" count="9" type="stmt"/>
          <line num="9" count="9" type="cond" truecount="2" falsecount="0"/>
          <line num="10" count="9" type="cond" truecount="4" falsecount="0"/>
          <line num="11" count="4" type="stmt"/>
          <line num="13" count="5" type="cond" truecount="2" falsecount="0"/>
        </file>
        <file name="ValidateCardNumber.js" path="/home/njunge/projects/kadi/lib/ValidateCardNumber.js">
          <metrics statements="32" coveredstatements="32" conditionals="14" coveredconditionals="14" methods="10" coveredmethods="10"/>
          <line num="6" count="3" type="stmt"/>
          <line num="10" count="26" type="cond" truecount="2" falsecount="0"/>
          <line num="11" count="1" type="stmt"/>
          <line num="13" count="25" type="stmt"/>
          <line num="14" count="25" type="stmt"/>
          <line num="15" count="25" type="cond" truecount="4" falsecount="0"/>
          <line num="20" count="25" type="stmt"/>
          <line num="21" count="150" type="stmt"/>
          <line num="22" count="150" type="stmt"/>
          <line num="23" count="150" type="cond" truecount="2" falsecount="0"/>
          <line num="24" count="24" type="stmt"/>
          <line num="27" count="25" type="cond" truecount="2" falsecount="0"/>
          <line num="31" count="25" type="stmt"/>
          <line num="33" count="25" type="stmt"/>
          <line num="34" count="25" type="stmt"/>
          <line num="35" count="379" type="stmt"/>
          <line num="37" count="379" type="cond" truecount="2" falsecount="0"/>
          <line num="38" count="186" type="stmt"/>
          <line num="40" count="186" type="cond" truecount="2" falsecount="0"/>
          <line num="42" count="379" type="stmt"/>
          <line num="44" count="25" type="stmt"/>
          <line num="45" count="25" type="stmt"/>
          <line num="46" count="25" type="stmt"/>
          <line num="50" count="50" type="stmt"/>
          <line num="51" count="50" type="stmt"/>
          <line num="55" count="66" type="stmt"/>
          <line num="56" count="461" type="stmt"/>
          <line num="58" count="66" type="stmt"/>
          <line num="62" count="25" type="stmt"/>
          <line num="63" count="25" type="stmt"/>
          <line num="64" count="379" type="stmt"/>
          <line num="66" count="25" type="stmt"/>
        </file>
        <file name="ValidateExpiryDate.js" path="/home/njunge/projects/kadi/lib/ValidateExpiryDate.js">
          <metrics statements="18" coveredstatements="18" conditionals="8" coveredconditionals="8" methods="2" coveredmethods="2"/>
          <line num="8" count="16" type="cond" truecount="2" falsecount="0"/>
          <line num="9" count="3" type="stmt"/>
          <line num="10" count="13" type="cond" truecount="2" falsecount="0"/>
          <line num="11" count="1" type="stmt"/>
          <line num="12" count="12" type="cond" truecount="2" falsecount="0"/>
          <line num="13" count="9" type="stmt"/>
          <line num="14" count="9" type="stmt"/>
          <line num="15" count="9" type="stmt"/>
          <line num="16" count="9" type="stmt"/>
          <line num="17" count="9" type="stmt"/>
          <line num="20" count="9" type="stmt"/>
          <line num="21" count="9" type="cond" truecount="2" falsecount="0"/>
          <line num="22" count="4" type="stmt"/>
          <line num="23" count="4" type="stmt"/>
          <line num="25" count="9" type="stmt"/>
          <line num="26" count="9" type="stmt"/>
          <line num="28" count="3" type="stmt"/>
          <line num="33" count="12" type="stmt"/>
        </file>
      </package>
      <package name="src">
        <metrics statements="21" coveredstatements="12" conditionals="8" coveredconditionals="6" methods="7" coveredmethods="3"/>
        <file name="index.js" path="/home/njunge/projects/kadi/src/index.js">
          <metrics statements="21" coveredstatements="12" conditionals="8" coveredconditionals="6" methods="7" coveredmethods="3"/>
          <line num="12" count="3" type="stmt"/>
          <line num="13" count="30" type="cond" truecount="1" falsecount="1"/>
          <line num="14" count="0" type="stmt"/>
          <line num="17" count="30" type="cond" truecount="2" falsecount="0"/>
          <line num="18" count="4" type="stmt"/>
          <line num="20" count="26" type="stmt"/>
          <line num="21" count="26" type="cond" truecount="1" falsecount="1"/>
          <line num="22" count="0" type="stmt"/>
          <line num="23" count="0" type="stmt"/>
          <line num="25" count="0" type="stmt"/>
          <line num="26" count="0" type="stmt"/>
          <line num="30" count="26" type="cond" truecount="2" falsecount="0"/>
          <line num="33" count="3" type="stmt"/>
          <line num="34" count="16" type="stmt"/>
          <line num="37" count="3" type="stmt"/>
          <line num="38" count="9" type="stmt"/>
          <line num="41" count="3" type="stmt"/>
          <line num="42" count="0" type="stmt"/>
          <line num="43" count="0" type="stmt"/>
          <line num="44" count="0" type="stmt"/>
          <line num="45" count="0" type="stmt"/>
        </file>
      </package>
    </metrics>
  </project>
</coverage>
