{"/home/njunge/projects/kadi/lib/CardDetails.js": {"path":"/home/njunge/projects/kadi/lib/CardDetails.js","statementMap":{"0":{"start":{"line":9,"column":0},"end":{"line":34,"column":1}}},"fnMap":{},"branchMap":{},"s":{"0":3},"f":{},"b":{},"_coverageSchema":"332fd63041d2c1bcb487cc26dd0d5f7d97098a6c","hash":"978db61bcc241bba859909f41a90dadc3aa7070f"}
,"/home/njunge/projects/kadi/lib/FormatCardInput.js": {"path":"/home/njunge/projects/kadi/lib/FormatCardInput.js","statementMap":{"0":{"start":{"line":3,"column":14},"end":{"line":3,"column":63}},"1":{"start":{"line":4,"column":20},"end":{"line":4,"column":40}},"2":{"start":{"line":5,"column":18},"end":{"line":5,"column":47}},"3":{"start":{"line":6,"column":16},"end":{"line":6,"column":18}},"4":{"start":{"line":9,"column":4},"end":{"line":11,"column":5}},"5":{"start":{"line":10,"column":6},"end":{"line":10,"column":43}},"6":{"start":{"line":12,"column":4},"end":{"line":16,"column":5}},"7":{"start":{"line":13,"column":6},"end":{"line":13,"column":28}},"8":{"start":{"line":15,"column":6},"end":{"line":15,"column":18}},"9":{"start":{"line":20,"column":14},"end":{"line":20,"column":35}},"10":{"start":{"line":21,"column":4},"end":{"line":41,"column":5}},"11":{"start":{"line":22,"column":6},"end":{"line":30,"column":7}},"12":{"start":{"line":23,"column":22},"end":{"line":23,"column":53}},"13":{"start":{"line":24,"column":8},"end":{"line":24,"column":32}},"14":{"start":{"line":25,"column":8},"end":{"line":25,"column":62}},"15":{"start":{"line":26,"column":8},"end":{"line":26,"column":66}},"16":{"start":{"line":27,"column":8},"end":{"line":27,"column":62}},"17":{"start":{"line":28,"column":8},"end":{"line":28,"column":73}},"18":{"start":{"line":29,"column":8},"end":{"line":29,"column":55}},"19":{"start":{"line":32,"column":6},"end":{"line":40,"column":7}},"20":{"start":{"line":33,"column":25},"end":{"line":33,"column":58}},"21":{"start":{"line":34,"column":24},"end":{"line":34,"column":55}},"22":{"start":{"line":35,"column":8},"end":{"line":37,"column":9}},"23":{"start":{"line":36,"column":10},"end":{"line":36,"column":50}},"24":{"start":{"line":38,"column":8},"end":{"line":38,"column":58}},"25":{"start":{"line":39,"column":8},"end":{"line":39,"column":55}},"26":{"start":{"line":44,"column":24},"end":{"line":44,"column":63}},"27":{"start":{"line":46,"column":14},"end":{"line":46,"column":36}},"28":{"start":{"line":47,"column":4},"end":{"line":53,"column":5}},"29":{"start":{"line":48,"column":6},"end":{"line":48,"column":17}},"30":{"start":{"line":49,"column":11},"end":{"line":53,"column":5}},"31":{"start":{"line":50,"column":6},"end":{"line":50,"column":17}},"32":{"start":{"line":52,"column":6},"end":{"line":52,"column":18}},"33":{"start":{"line":57,"column":4},"end":{"line":69,"column":5}},"34":{"start":{"line":58,"column":6},"end":{"line":58,"column":153}},"35":{"start":{"line":59,"column":11},"end":{"line":69,"column":5}},"36":{"start":{"line":60,"column":6},"end":{"line":60,"column":159}},"37":{"start":{"line":61,"column":11},"end":{"line":69,"column":5}},"38":{"start":{"line":62,"column":6},"end":{"line":62,"column":153}},"39":{"start":{"line":63,"column":11},"end":{"line":69,"column":5}},"40":{"start":{"line":64,"column":6},"end":{"line":64,"column":157}},"41":{"start":{"line":65,"column":11},"end":{"line":69,"column":5}},"42":{"start":{"line":66,"column":6},"end":{"line":66,"column":155}},"43":{"start":{"line":67,"column":11},"end":{"line":69,"column":5}},"44":{"start":{"line":68,"column":6},"end":{"line":68,"column":152}},"45":{"start":{"line":70,"column":4},"end":{"line":70,"column":16}}},"fnMap":{"0":{"name":"(anonymous_0)","decl":{"start":{"line":2,"column":2},"end":{"line":2,"column":3}},"loc":{"start":{"line":2,"column":17},"end":{"line":17,"column":3}},"line":2},"1":{"name":"(anonymous_1)","decl":{"start":{"line":19,"column":2},"end":{"line":19,"column":3}},"loc":{"start":{"line":19,"column":27},"end":{"line":42,"column":3}},"line":19},"2":{"name":"(anonymous_2)","decl":{"start":{"line":43,"column":2},"end":{"line":43,"column":3}},"loc":{"start":{"line":43,"column":20},"end":{"line":54,"column":3}},"line":43},"3":{"name":"(anonymous_3)","decl":{"start":{"line":55,"column":2},"end":{"line":55,"column":3}},"loc":{"start":{"line":55,"column":24},"end":{"line":71,"column":3}},"line":55}},"branchMap":{"0":{"loc":{"start":{"line":5,"column":18},"end":{"line":5,"column":47}},"type":"binary-expr","locations":[{"start":{"line":5,"column":19},"end":{"line":5,"column":26}},{"start":{"line":5,"column":30},"end":{"line":5,"column":40}},{"start":{"line":5,"column":45},"end":{"line":5,"column":47}}],"line":5},"1":{"loc":{"start":{"line":12,"column":4},"end":{"line":16,"column":5}},"type":"if","locations":[{"start":{"line":12,"column":4},"end":{"line":16,"column":5}},{"start":{"line":12,"column":4},"end":{"line":16,"column":5}}],"line":12},"2":{"loc":{"start":{"line":21,"column":4},"end":{"line":41,"column":5}},"type":"if","locations":[{"start":{"line":21,"column":4},"end":{"line":41,"column":5}},{"start":{"line":21,"column":4},"end":{"line":41,"column":5}}],"line":21},"3":{"loc":{"start":{"line":22,"column":6},"end":{"line":30,"column":7}},"type":"if","locations":[{"start":{"line":22,"column":6},"end":{"line":30,"column":7}},{"start":{"line":22,"column":6},"end":{"line":30,"column":7}}],"line":22},"4":{"loc":{"start":{"line":32,"column":6},"end":{"line":40,"column":7}},"type":"if","locations":[{"start":{"line":32,"column":6},"end":{"line":40,"column":7}},{"start":{"line":32,"column":6},"end":{"line":40,"column":7}}],"line":32},"5":{"loc":{"start":{"line":47,"column":4},"end":{"line":53,"column":5}},"type":"if","locations":[{"start":{"line":47,"column":4},"end":{"line":53,"column":5}},{"start":{"line":47,"column":4},"end":{"line":53,"column":5}}],"line":47},"6":{"loc":{"start":{"line":49,"column":11},"end":{"line":53,"column":5}},"type":"if","locations":[{"start":{"line":49,"column":11},"end":{"line":53,"column":5}},{"start":{"line":49,"column":11},"end":{"line":53,"column":5}}],"line":49},"7":{"loc":{"start":{"line":57,"column":4},"end":{"line":69,"column":5}},"type":"if","locations":[{"start":{"line":57,"column":4},"end":{"line":69,"column":5}},{"start":{"line":57,"column":4},"end":{"line":69,"column":5}}],"line":57},"8":{"loc":{"start":{"line":59,"column":11},"end":{"line":69,"column":5}},"type":"if","locations":[{"start":{"line":59,"column":11},"end":{"line":69,"column":5}},{"start":{"line":59,"column":11},"end":{"line":69,"column":5}}],"line":59},"9":{"loc":{"start":{"line":61,"column":11},"end":{"line":69,"column":5}},"type":"if","locations":[{"start":{"line":61,"column":11},"end":{"line":69,"column":5}},{"start":{"line":61,"column":11},"end":{"line":69,"column":5}}],"line":61},"10":{"loc":{"start":{"line":63,"column":11},"end":{"line":69,"column":5}},"type":"if","locations":[{"start":{"line":63,"column":11},"end":{"line":69,"column":5}},{"start":{"line":63,"column":11},"end":{"line":69,"column":5}}],"line":63},"11":{"loc":{"start":{"line":65,"column":11},"end":{"line":69,"column":5}},"type":"if","locations":[{"start":{"line":65,"column":11},"end":{"line":69,"column":5}},{"start":{"line":65,"column":11},"end":{"line":69,"column":5}}],"line":65},"12":{"loc":{"start":{"line":67,"column":11},"end":{"line":69,"column":5}},"type":"if","locations":[{"start":{"line":67,"column":11},"end":{"line":69,"column":5}},{"start":{"line":67,"column":11},"end":{"line":69,"column":5}}],"line":67}},"s":{"0":0,"1":0,"2":0,"3":0,"4":0,"5":0,"6":0,"7":0,"8":0,"9":0,"10":0,"11":0,"12":0,"13":0,"14":0,"15":0,"16":0,"17":0,"18":0,"19":0,"20":0,"21":0,"22":0,"23":0,"24":0,"25":0,"26":0,"27":0,"28":0,"29":0,"30":0,"31":0,"32":0,"33":0,"34":0,"35":0,"36":0,"37":0,"38":0,"39":0,"40":0,"41":0,"42":0,"43":0,"44":0,"45":0},"f":{"0":0,"1":0,"2":0,"3":0},"b":{"0":[0,0,0],"1":[0,0],"2":[0,0],"3":[0,0],"4":[0,0],"5":[0,0],"6":[0,0],"7":[0,0],"8":[0,0],"9":[0,0],"10":[0,0],"11":[0,0],"12":[0,0]},"_coverageSchema":"332fd63041d2c1bcb487cc26dd0d5f7d97098a6c","hash":"dfc3d9d1043997529659eadf09c444816ae01f01"}
,"/home/njunge/projects/kadi/lib/ValidateCVC.js": {"path":"/home/njunge/projects/kadi/lib/ValidateCVC.js","statementMap":{"0":{"start":{"line":8,"column":16},"end":{"line":8,"column":32}},"1":{"start":{"line":9,"column":22},"end":{"line":9,"column":53}},"2":{"start":{"line":10,"column":4},"end":{"line":14,"column":5}},"3":{"start":{"line":11,"column":6},"end":{"line":11,"column":18}},"4":{"start":{"line":13,"column":6},"end":{"line":13,"column":49}}},"fnMap":{"0":{"name":"(anonymous_0)","decl":{"start":{"line":7,"column":2},"end":{"line":7,"column":3}},"loc":{"start":{"line":7,"column":22},"end":{"line":15,"column":3}},"line":7}},"branchMap":{"0":{"loc":{"start":{"line":9,"column":22},"end":{"line":9,"column":53}},"type":"cond-expr","locations":[{"start":{"line":9,"column":33},"end":{"line":9,"column":48}},{"start":{"line":9,"column":51},"end":{"line":9,"column":53}}],"line":9},"1":{"loc":{"start":{"line":10,"column":4},"end":{"line":14,"column":5}},"type":"if","locations":[{"start":{"line":10,"column":4},"end":{"line":14,"column":5}},{"start":{"line":10,"column":4},"end":{"line":14,"column":5}}],"line":10},"2":{"loc":{"start":{"line":10,"column":8},"end":{"line":10,"column":26}},"type":"binary-expr","locations":[{"start":{"line":10,"column":8},"end":{"line":10,"column":18}},{"start":{"line":10,"column":22},"end":{"line":10,"column":26}}],"line":10},"3":{"loc":{"start":{"line":13,"column":16},"end":{"line":13,"column":48}},"type":"binary-expr","locations":[{"start":{"line":13,"column":16},"end":{"line":13,"column":30}},{"start":{"line":13,"column":34},"end":{"line":13,"column":48}}],"line":13}},"s":{"0":9,"1":9,"2":9,"3":4,"4":5},"f":{"0":9},"b":{"0":[6,3],"1":[4,5],"2":[9,7],"3":[5,3]},"_coverageSchema":"332fd63041d2c1bcb487cc26dd0d5f7d97098a6c","hash":"9b9dfe840ede0ac04fbc54f7916f5ad1c58c5de8"}
,"/home/njunge/projects/kadi/lib/ValidateCardNumber.js": {"path":"/home/njunge/projects/kadi/lib/ValidateCardNumber.js","statementMap":{"0":{"start":{"line":6,"column":20},"end":{"line":6,"column":44}},"1":{"start":{"line":10,"column":4},"end":{"line":12,"column":5}},"2":{"start":{"line":11,"column":6},"end":{"line":11,"column":27}},"3":{"start":{"line":13,"column":29},"end":{"line":13,"column":56}},"4":{"start":{"line":14,"column":32},"end":{"line":14,"column":62}},"5":{"start":{"line":15,"column":4},"end":{"line":15,"column":94}},"6":{"start":{"line":20,"column":4},"end":{"line":26,"column":6}},"7":{"start":{"line":21,"column":20},"end":{"line":21,"column":45}},"8":{"start":{"line":22,"column":20},"end":{"line":22,"column":42}},"9":{"start":{"line":23,"column":6},"end":{"line":25,"column":7}},"10":{"start":{"line":24,"column":8},"end":{"line":24,"column":89}},"11":{"start":{"line":27,"column":4},"end":{"line":27,"column":37}},"12":{"start":{"line":31,"column":31},"end":{"line":31,"column":65}},"13":{"start":{"line":33,"column":17},"end":{"line":33,"column":19}},"14":{"start":{"line":34,"column":4},"end":{"line":43,"column":6}},"15":{"start":{"line":35,"column":6},"end":{"line":35,"column":40}},"16":{"start":{"line":37,"column":6},"end":{"line":41,"column":7}},"17":{"start":{"line":38,"column":8},"end":{"line":38,"column":18}},"18":{"start":{"line":40,"column":8},"end":{"line":40,"column":63}},"19":{"start":{"line":42,"column":6},"end":{"line":42,"column":24}},"20":{"start":{"line":44,"column":27},"end":{"line":44,"column":52}},"21":{"start":{"line":45,"column":16},"end":{"line":45,"column":52}},"22":{"start":{"line":46,"column":4},"end":{"line":46,"column":25}},"23":{"start":{"line":50,"column":4},"end":{"line":50,"column":32}},"24":{"start":{"line":51,"column":4},"end":{"line":51,"column":50}},"25":{"start":{"line":55,"column":16},"end":{"line":57,"column":9}},"26":{"start":{"line":56,"column":6},"end":{"line":56,"column":18}},"27":{"start":{"line":58,"column":4},"end":{"line":58,"column":14}},"28":{"start":{"line":62,"column":21},"end":{"line":62,"column":23}},"29":{"start":{"line":63,"column":4},"end":{"line":65,"column":6}},"30":{"start":{"line":64,"column":6},"end":{"line":64,"column":25}},"31":{"start":{"line":66,"column":4},"end":{"line":66,"column":45}}},"fnMap":{"0":{"name":"(anonymous_0)","decl":{"start":{"line":9,"column":2},"end":{"line":9,"column":3}},"loc":{"start":{"line":9,"column":24},"end":{"line":16,"column":3}},"line":9},"1":{"name":"(anonymous_1)","decl":{"start":{"line":18,"column":2},"end":{"line":18,"column":3}},"loc":{"start":{"line":18,"column":26},"end":{"line":28,"column":3}},"line":18},"2":{"name":"(anonymous_2)","decl":{"start":{"line":20,"column":33},"end":{"line":20,"column":34}},"loc":{"start":{"line":20,"column":45},"end":{"line":26,"column":5}},"line":20},"3":{"name":"(anonymous_3)","decl":{"start":{"line":30,"column":2},"end":{"line":30,"column":3}},"loc":{"start":{"line":30,"column":29},"end":{"line":47,"column":3}},"line":30},"4":{"name":"(anonymous_4)","decl":{"start":{"line":34,"column":40},"end":{"line":34,"column":41}},"loc":{"start":{"line":34,"column":52},"end":{"line":43,"column":5}},"line":34},"5":{"name":"(anonymous_5)","decl":{"start":{"line":49,"column":2},"end":{"line":49,"column":3}},"loc":{"start":{"line":49,"column":33},"end":{"line":52,"column":3}},"line":49},"6":{"name":"(anonymous_6)","decl":{"start":{"line":54,"column":2},"end":{"line":54,"column":3}},"loc":{"start":{"line":54,"column":26},"end":{"line":59,"column":3}},"line":54},"7":{"name":"(anonymous_7)","decl":{"start":{"line":55,"column":62},"end":{"line":55,"column":63}},"loc":{"start":{"line":55,"column":72},"end":{"line":57,"column":5}},"line":55},"8":{"name":"(anonymous_8)","decl":{"start":{"line":61,"column":2},"end":{"line":61,"column":3}},"loc":{"start":{"line":61,"column":24},"end":{"line":67,"column":3}},"line":61},"9":{"name":"(anonymous_9)","decl":{"start":{"line":63,"column":15},"end":{"line":63,"column":16}},"loc":{"start":{"line":63,"column":26},"end":{"line":65,"column":5}},"line":63}},"branchMap":{"0":{"loc":{"start":{"line":10,"column":4},"end":{"line":12,"column":5}},"type":"if","locations":[{"start":{"line":10,"column":4},"end":{"line":12,"column":5}},{"start":{"line":10,"column":4},"end":{"line":12,"column":5}}],"line":10},"1":{"loc":{"start":{"line":15,"column":11},"end":{"line":15,"column":94}},"type":"cond-expr","locations":[{"start":{"line":15,"column":59},"end":{"line":15,"column":75}},{"start":{"line":15,"column":78},"end":{"line":15,"column":94}}],"line":15},"2":{"loc":{"start":{"line":15,"column":11},"end":{"line":15,"column":56}},"type":"binary-expr","locations":[{"start":{"line":15,"column":11},"end":{"line":15,"column":33}},{"start":{"line":15,"column":37},"end":{"line":15,"column":56}}],"line":15},"3":{"loc":{"start":{"line":23,"column":6},"end":{"line":25,"column":7}},"type":"if","locations":[{"start":{"line":23,"column":6},"end":{"line":25,"column":7}},{"start":{"line":23,"column":6},"end":{"line":25,"column":7}}],"line":23},"4":{"loc":{"start":{"line":27,"column":11},"end":{"line":27,"column":37}},"type":"binary-expr","locations":[{"start":{"line":27,"column":11},"end":{"line":27,"column":17}},{"start":{"line":27,"column":21},"end":{"line":27,"column":37}}],"line":27},"5":{"loc":{"start":{"line":37,"column":6},"end":{"line":41,"column":7}},"type":"if","locations":[{"start":{"line":37,"column":6},"end":{"line":41,"column":7}},{"start":{"line":37,"column":6},"end":{"line":41,"column":7}}],"line":37},"6":{"loc":{"start":{"line":40,"column":16},"end":{"line":40,"column":63}},"type":"cond-expr","locations":[{"start":{"line":40,"column":28},"end":{"line":40,"column":55}},{"start":{"line":40,"column":58},"end":{"line":40,"column":63}}],"line":40}},"s":{"0":3,"1":26,"2":1,"3":25,"4":25,"5":25,"6":25,"7":150,"8":150,"9":150,"10":24,"11":25,"12":25,"13":25,"14":25,"15":379,"16":379,"17":186,"18":186,"19":379,"20":25,"21":25,"22":25,"23":50,"24":50,"25":66,"26":461,"27":66,"28":25,"29":25,"30":379,"31":25},"f":{"0":26,"1":25,"2":150,"3":25,"4":379,"5":50,"6":66,"7":461,"8":25,"9":379},"b":{"0":[1,25],"1":[23,2],"2":[25,24],"3":[24,126],"4":[25,1],"5":[186,193],"6":[41,145]},"_coverageSchema":"332fd63041d2c1bcb487cc26dd0d5f7d97098a6c","hash":"15f2534c682a3968d20a00626136ab62417310c5"}
,"/home/njunge/projects/kadi/lib/ValidateExpiryDate.js": {"path":"/home/njunge/projects/kadi/lib/ValidateExpiryDate.js","statementMap":{"0":{"start":{"line":8,"column":4},"end":{"line":29,"column":5}},"1":{"start":{"line":9,"column":6},"end":{"line":9,"column":18}},"2":{"start":{"line":10,"column":11},"end":{"line":29,"column":5}},"3":{"start":{"line":11,"column":6},"end":{"line":11,"column":18}},"4":{"start":{"line":12,"column":11},"end":{"line":29,"column":5}},"5":{"start":{"line":13,"column":26},"end":{"line":13,"column":36}},"6":{"start":{"line":14,"column":25},"end":{"line":14,"column":35}},"7":{"start":{"line":15,"column":33},"end":{"line":15,"column":48}},"8":{"start":{"line":16,"column":20},"end":{"line":16,"column":41}},"9":{"start":{"line":17,"column":17},"end":{"line":17,"column":38}},"10":{"start":{"line":20,"column":27},"end":{"line":20,"column":38}},"11":{"start":{"line":21,"column":6},"end":{"line":24,"column":7}},"12":{"start":{"line":22,"column":40},"end":{"line":22,"column":88}},"13":{"start":{"line":23,"column":8},"end":{"line":23,"column":45}},"14":{"start":{"line":25,"column":6},"end":{"line":25,"column":44}},"15":{"start":{"line":26,"column":6},"end":{"line":26,"column":37}},"16":{"start":{"line":28,"column":6},"end":{"line":28,"column":18}},"17":{"start":{"line":33,"column":4},"end":{"line":33,"column":87}}},"fnMap":{"0":{"name":"(anonymous_0)","decl":{"start":{"line":7,"column":2},"end":{"line":7,"column":3}},"loc":{"start":{"line":7,"column":18},"end":{"line":30,"column":3}},"line":7},"1":{"name":"(anonymous_1)","decl":{"start":{"line":32,"column":2},"end":{"line":32,"column":3}},"loc":{"start":{"line":32,"column":20},"end":{"line":34,"column":3}},"line":32}},"branchMap":{"0":{"loc":{"start":{"line":8,"column":4},"end":{"line":29,"column":5}},"type":"if","locations":[{"start":{"line":8,"column":4},"end":{"line":29,"column":5}},{"start":{"line":8,"column":4},"end":{"line":29,"column":5}}],"line":8},"1":{"loc":{"start":{"line":10,"column":11},"end":{"line":29,"column":5}},"type":"if","locations":[{"start":{"line":10,"column":11},"end":{"line":29,"column":5}},{"start":{"line":10,"column":11},"end":{"line":29,"column":5}}],"line":10},"2":{"loc":{"start":{"line":12,"column":11},"end":{"line":29,"column":5}},"type":"if","locations":[{"start":{"line":12,"column":11},"end":{"line":29,"column":5}},{"start":{"line":12,"column":11},"end":{"line":29,"column":5}}],"line":12},"3":{"loc":{"start":{"line":21,"column":6},"end":{"line":24,"column":7}},"type":"if","locations":[{"start":{"line":21,"column":6},"end":{"line":24,"column":7}},{"start":{"line":21,"column":6},"end":{"line":24,"column":7}}],"line":21}},"s":{"0":16,"1":3,"2":13,"3":1,"4":12,"5":9,"6":9,"7":9,"8":9,"9":9,"10":9,"11":9,"12":4,"13":4,"14":9,"15":9,"16":3,"17":12},"f":{"0":16,"1":12},"b":{"0":[3,13],"1":[1,12],"2":[9,3],"3":[4,5]},"_coverageSchema":"332fd63041d2c1bcb487cc26dd0d5f7d97098a6c","hash":"e44e0a1291791426291d65ea3347b1f0f1923a81"}
,"/home/njunge/projects/kadi/src/index.js": {"path":"/home/njunge/projects/kadi/src/index.js","statementMap":{"0":{"start":{"line":12,"column":27},"end":{"line":31,"column":1}},"1":{"start":{"line":13,"column":2},"end":{"line":15,"column":3}},"2":{"start":{"line":14,"column":4},"end":{"line":14,"column":27}},"3":{"start":{"line":17,"column":2},"end":{"line":19,"column":3}},"4":{"start":{"line":18,"column":4},"end":{"line":18,"column":27}},"5":{"start":{"line":20,"column":21},"end":{"line":20,"column":39}},"6":{"start":{"line":21,"column":2},"end":{"line":28,"column":3}},"7":{"start":{"line":22,"column":4},"end":{"line":24,"column":5}},"8":{"start":{"line":23,"column":6},"end":{"line":23,"column":89}},"9":{"start":{"line":25,"column":4},"end":{"line":27,"column":5}},"10":{"start":{"line":26,"column":6},"end":{"line":26,"column":89}},"11":{"start":{"line":30,"column":2},"end":{"line":30,"column":91}},"12":{"start":{"line":33,"column":27},"end":{"line":35,"column":1}},"13":{"start":{"line":34,"column":2},"end":{"line":34,"column":48}},"14":{"start":{"line":37,"column":20},"end":{"line":39,"column":1}},"15":{"start":{"line":38,"column":2},"end":{"line":38,"column":45}},"16":{"start":{"line":41,"column":24},"end":{"line":47,"column":1}},"17":{"start":{"line":42,"column":2},"end":{"line":46,"column":3}},"18":{"start":{"line":43,"column":17},"end":{"line":43,"column":38}},"19":{"start":{"line":44,"column":4},"end":{"line":44,"column":48}},"20":{"start":{"line":45,"column":4},"end":{"line":45,"column":40}}},"fnMap":{"0":{"name":"(anonymous_0)","decl":{"start":{"line":12,"column":27},"end":{"line":12,"column":28}},"loc":{"start":{"line":12,"column":48},"end":{"line":31,"column":1}},"line":12},"1":{"name":"(anonymous_1)","decl":{"start":{"line":22,"column":60},"end":{"line":22,"column":61}},"loc":{"start":{"line":22,"column":67},"end":{"line":24,"column":5}},"line":22},"2":{"name":"(anonymous_2)","decl":{"start":{"line":25,"column":62},"end":{"line":25,"column":63}},"loc":{"start":{"line":25,"column":69},"end":{"line":27,"column":5}},"line":25},"3":{"name":"(anonymous_3)","decl":{"start":{"line":33,"column":27},"end":{"line":33,"column":28}},"loc":{"start":{"line":33,"column":37},"end":{"line":35,"column":1}},"line":33},"4":{"name":"(anonymous_4)","decl":{"start":{"line":37,"column":20},"end":{"line":37,"column":21}},"loc":{"start":{"line":37,"column":34},"end":{"line":39,"column":1}},"line":37},"5":{"name":"(anonymous_5)","decl":{"start":{"line":41,"column":24},"end":{"line":41,"column":25}},"loc":{"start":{"line":41,"column":39},"end":{"line":47,"column":1}},"line":41},"6":{"name":"(anonymous_6)","decl":{"start":{"line":42,"column":52},"end":{"line":42,"column":53}},"loc":{"start":{"line":42,"column":59},"end":{"line":46,"column":3}},"line":42}},"branchMap":{"0":{"loc":{"start":{"line":13,"column":2},"end":{"line":15,"column":3}},"type":"if","locations":[{"start":{"line":13,"column":2},"end":{"line":15,"column":3}},{"start":{"line":13,"column":2},"end":{"line":15,"column":3}}],"line":13},"1":{"loc":{"start":{"line":17,"column":2},"end":{"line":19,"column":3}},"type":"if","locations":[{"start":{"line":17,"column":2},"end":{"line":19,"column":3}},{"start":{"line":17,"column":2},"end":{"line":19,"column":3}}],"line":17},"2":{"loc":{"start":{"line":21,"column":2},"end":{"line":28,"column":3}},"type":"if","locations":[{"start":{"line":21,"column":2},"end":{"line":28,"column":3}},{"start":{"line":21,"column":2},"end":{"line":28,"column":3}}],"line":21},"3":{"loc":{"start":{"line":30,"column":43},"end":{"line":30,"column":90}},"type":"cond-expr","locations":[{"start":{"line":30,"column":56},"end":{"line":30,"column":85}},{"start":{"line":30,"column":88},"end":{"line":30,"column":90}}],"line":30}},"s":{"0":3,"1":30,"2":0,"3":30,"4":4,"5":26,"6":26,"7":0,"8":0,"9":0,"10":0,"11":26,"12":3,"13":16,"14":3,"15":9,"16":3,"17":0,"18":0,"19":0,"20":0},"f":{"0":30,"1":0,"2":0,"3":16,"4":9,"5":0,"6":0},"b":{"0":[0,30],"1":[4,26],"2":[0,26],"3":[25,1]},"_coverageSchema":"332fd63041d2c1bcb487cc26dd0d5f7d97098a6c","hash":"0ca62b4101f955e4c642ed456cb354c058f6a3d6"}
}
