TN:
SF:/home/njunge/projects/kadi/lib/CardDetails.js
FNF:0
FNH:0
DA:9,3
LF:1
LH:1
BRF:0
BRH:0
end_of_record
TN:
SF:/home/njunge/projects/kadi/lib/FormatCardInput.js
FN:2,(anonymous_0)
FN:19,(anonymous_1)
FN:43,(anonymous_2)
FN:55,(anonymous_3)
FNF:4
FNH:0
FNDA:0,(anonymous_0)
FNDA:0,(anonymous_1)
FNDA:0,(anonymous_2)
FNDA:0,(anonymous_3)
DA:3,0
DA:4,0
DA:5,0
DA:6,0
DA:9,0
DA:10,0
DA:12,0
DA:13,0
DA:15,0
DA:20,0
DA:21,0
DA:22,0
DA:23,0
DA:24,0
DA:25,0
DA:26,0
DA:27,0
DA:28,0
DA:29,0
DA:32,0
DA:33,0
DA:34,0
DA:35,0
DA:36,0
DA:38,0
DA:39,0
DA:44,0
DA:46,0
DA:47,0
DA:48,0
DA:49,0
DA:50,0
DA:52,0
DA:57,0
DA:58,0
DA:59,0
DA:60,0
DA:61,0
DA:62,0
DA:63,0
DA:64,0
DA:65,0
DA:66,0
DA:67,0
DA:68,0
DA:70,0
LF:46
LH:0
BRDA:5,0,0,0
BRDA:5,0,1,0
BRDA:5,0,2,0
BRDA:12,1,0,0
BRDA:12,1,1,0
BRDA:21,2,0,0
BRDA:21,2,1,0
BRDA:22,3,0,0
BRDA:22,3,1,0
BRDA:32,4,0,0
BRDA:32,4,1,0
BRDA:47,5,0,0
BRDA:47,5,1,0
BRDA:49,6,0,0
BRDA:49,6,1,0
BRDA:57,7,0,0
BRDA:57,7,1,0
BRDA:59,8,0,0
BRDA:59,8,1,0
BRDA:61,9,0,0
BRDA:61,9,1,0
BRDA:63,10,0,0
BRDA:63,10,1,0
BRDA:65,11,0,0
BRDA:65,11,1,0
BRDA:67,12,0,0
BRDA:67,12,1,0
BRF:27
BRH:0
end_of_record
TN:
SF:/home/njunge/projects/kadi/lib/ValidateCVC.js
FN:7,(anonymous_0)
FNF:1
FNH:1
FNDA:9,(anonymous_0)
DA:8,9
DA:9,9
DA:10,9
DA:11,4
DA:13,5
LF:5
LH:5
BRDA:9,0,0,6
BRDA:9,0,1,3
BRDA:10,1,0,4
BRDA:10,1,1,5
BRDA:10,2,0,9
BRDA:10,2,1,7
BRDA:13,3,0,5
BRDA:13,3,1,3
BRF:8
BRH:8
end_of_record
TN:
SF:/home/njunge/projects/kadi/lib/ValidateCardNumber.js
FN:9,(anonymous_0)
FN:18,(anonymous_1)
FN:20,(anonymous_2)
FN:30,(anonymous_3)
FN:34,(anonymous_4)
FN:49,(anonymous_5)
FN:54,(anonymous_6)
FN:55,(anonymous_7)
FN:61,(anonymous_8)
FN:63,(anonymous_9)
FNF:10
FNH:10
FNDA:24,(anonymous_0)
FNDA:24,(anonymous_1)
FNDA:144,(anonymous_2)
FNDA:24,(anonymous_3)
FNDA:363,(anonymous_4)
FNDA:48,(anonymous_5)
FNDA:65,(anonymous_6)
FNDA:445,(anonymous_7)
FNDA:24,(anonymous_8)
FNDA:363,(anonymous_9)
DA:6,3
DA:10,24
DA:11,0
DA:13,24
DA:14,24
DA:15,24
DA:20,24
DA:21,144
DA:22,144
DA:23,144
DA:24,24
DA:27,24
DA:31,24
DA:33,24
DA:34,24
DA:35,363
DA:37,363
DA:38,178
DA:40,178
DA:42,363
DA:44,24
DA:45,24
DA:46,24
DA:50,48
DA:51,48
DA:55,65
DA:56,445
DA:58,65
DA:62,24
DA:63,24
DA:64,363
DA:66,24
LF:32
LH:31
BRDA:10,0,0,0
BRDA:10,0,1,24
BRDA:10,1,0,24
BRDA:10,1,1,24
BRDA:15,2,0,23
BRDA:15,2,1,1
BRDA:15,3,0,24
BRDA:15,3,1,24
BRDA:23,4,0,24
BRDA:23,4,1,120
BRDA:27,5,0,24
BRDA:27,5,1,0
BRDA:37,6,0,178
BRDA:37,6,1,185
BRDA:40,7,0,41
BRDA:40,7,1,137
BRF:16
BRH:14
end_of_record
TN:
SF:/home/njunge/projects/kadi/lib/ValidateExpiryDate.js
FN:7,(anonymous_0)
FN:30,(anonymous_1)
FNF:2
FNH:2
FNDA:12,(anonymous_0)
FNDA:9,(anonymous_1)
DA:8,12
DA:9,3
DA:10,9
DA:11,6
DA:12,6
DA:13,6
DA:14,6
DA:15,6
DA:18,6
DA:19,6
DA:20,0
DA:21,0
DA:23,6
DA:24,6
DA:26,3
DA:31,9
LF:16
LH:14
BRDA:8,0,0,3
BRDA:8,0,1,9
BRDA:10,1,0,6
BRDA:10,1,1,3
BRDA:19,2,0,0
BRDA:19,2,1,6
BRDA:24,3,0,6
BRDA:24,3,1,0
BRF:8
BRH:6
end_of_record
TN:
SF:/home/njunge/projects/kadi/src/index.js
FN:12,(anonymous_0)
FN:22,(anonymous_1)
FN:25,(anonymous_2)
FN:33,(anonymous_3)
FN:37,(anonymous_4)
FN:41,(anonymous_5)
FN:42,(anonymous_6)
FNF:7
FNH:3
FNDA:30,(anonymous_0)
FNDA:0,(anonymous_1)
FNDA:0,(anonymous_2)
FNDA:12,(anonymous_3)
FNDA:9,(anonymous_4)
FNDA:0,(anonymous_5)
FNDA:0,(anonymous_6)
DA:12,3
DA:13,30
DA:14,3
DA:17,27
DA:18,3
DA:20,24
DA:21,24
DA:22,0
DA:23,0
DA:25,0
DA:26,0
DA:30,24
DA:33,3
DA:34,12
DA:37,3
DA:38,9
DA:41,3
DA:42,0
DA:43,0
DA:44,0
DA:45,0
LF:21
LH:13
BRDA:13,0,0,3
BRDA:13,0,1,27
BRDA:17,1,0,3
BRDA:17,1,1,24
BRDA:21,2,0,0
BRDA:21,2,1,24
BRDA:30,3,0,24
BRDA:30,3,1,0
BRF:8
BRH:6
end_of_record
