TN:
SF:/home/njunge/projects/kadi/lib/CardDetails.js
FNF:0
FNH:0
DA:9,3
LF:1
LH:1
BRF:0
BRH:0
end_of_record
TN:
SF:/home/njunge/projects/kadi/lib/FormatCardInput.js
FN:2,(anonymous_0)
FN:19,(anonymous_1)
FN:43,(anonymous_2)
FN:55,(anonymous_3)
FNF:4
FNH:0
FNDA:0,(anonymous_0)
FNDA:0,(anonymous_1)
FNDA:0,(anonymous_2)
FNDA:0,(anonymous_3)
DA:3,0
DA:4,0
DA:5,0
DA:6,0
DA:9,0
DA:10,0
DA:12,0
DA:13,0
DA:15,0
DA:20,0
DA:21,0
DA:22,0
DA:23,0
DA:24,0
DA:25,0
DA:26,0
DA:27,0
DA:28,0
DA:29,0
DA:32,0
DA:33,0
DA:34,0
DA:35,0
DA:36,0
DA:38,0
DA:39,0
DA:44,0
DA:46,0
DA:47,0
DA:48,0
DA:49,0
DA:50,0
DA:52,0
DA:57,0
DA:58,0
DA:59,0
DA:60,0
DA:61,0
DA:62,0
DA:63,0
DA:64,0
DA:65,0
DA:66,0
DA:67,0
DA:68,0
DA:70,0
LF:46
LH:0
BRDA:5,0,0,0
BRDA:5,0,1,0
BRDA:5,0,2,0
BRDA:12,1,0,0
BRDA:12,1,1,0
BRDA:21,2,0,0
BRDA:21,2,1,0
BRDA:22,3,0,0
BRDA:22,3,1,0
BRDA:32,4,0,0
BRDA:32,4,1,0
BRDA:47,5,0,0
BRDA:47,5,1,0
BRDA:49,6,0,0
BRDA:49,6,1,0
BRDA:57,7,0,0
BRDA:57,7,1,0
BRDA:59,8,0,0
BRDA:59,8,1,0
BRDA:61,9,0,0
BRDA:61,9,1,0
BRDA:63,10,0,0
BRDA:63,10,1,0
BRDA:65,11,0,0
BRDA:65,11,1,0
BRDA:67,12,0,0
BRDA:67,12,1,0
BRF:27
BRH:0
end_of_record
TN:
SF:/home/njunge/projects/kadi/lib/ValidateCVC.js
FN:7,(anonymous_0)
FNF:1
FNH:1
FNDA:9,(anonymous_0)
DA:8,9
DA:9,9
DA:10,9
DA:11,4
DA:13,5
LF:5
LH:5
BRDA:9,0,0,6
BRDA:9,0,1,3
BRDA:10,1,0,4
BRDA:10,1,1,5
BRDA:10,2,0,9
BRDA:10,2,1,7
BRDA:13,3,0,5
BRDA:13,3,1,3
BRF:8
BRH:8
end_of_record
TN:
SF:/home/njunge/projects/kadi/lib/ValidateCardNumber.js
FN:9,(anonymous_0)
FN:18,(anonymous_1)
FN:20,(anonymous_2)
FN:30,(anonymous_3)
FN:34,(anonymous_4)
FN:49,(anonymous_5)
FN:54,(anonymous_6)
FN:55,(anonymous_7)
FN:61,(anonymous_8)
FN:63,(anonymous_9)
FNF:10
FNH:10
FNDA:26,(anonymous_0)
FNDA:25,(anonymous_1)
FNDA:150,(anonymous_2)
FNDA:25,(anonymous_3)
FNDA:379,(anonymous_4)
FNDA:50,(anonymous_5)
FNDA:66,(anonymous_6)
FNDA:461,(anonymous_7)
FNDA:25,(anonymous_8)
FNDA:379,(anonymous_9)
DA:6,3
DA:10,26
DA:11,1
DA:13,25
DA:14,25
DA:15,25
DA:20,25
DA:21,150
DA:22,150
DA:23,150
DA:24,24
DA:27,25
DA:31,25
DA:33,25
DA:34,25
DA:35,379
DA:37,379
DA:38,186
DA:40,186
DA:42,379
DA:44,25
DA:45,25
DA:46,25
DA:50,50
DA:51,50
DA:55,66
DA:56,461
DA:58,66
DA:62,25
DA:63,25
DA:64,379
DA:66,25
LF:32
LH:32
BRDA:10,0,0,1
BRDA:10,0,1,25
BRDA:15,1,0,23
BRDA:15,1,1,2
BRDA:15,2,0,25
BRDA:15,2,1,24
BRDA:23,3,0,24
BRDA:23,3,1,126
BRDA:27,4,0,25
BRDA:27,4,1,1
BRDA:37,5,0,186
BRDA:37,5,1,193
BRDA:40,6,0,41
BRDA:40,6,1,145
BRF:14
BRH:14
end_of_record
TN:
SF:/home/njunge/projects/kadi/lib/ValidateExpiryDate.js
FN:7,(anonymous_0)
FN:32,(anonymous_1)
FNF:2
FNH:2
FNDA:16,(anonymous_0)
FNDA:12,(anonymous_1)
DA:8,16
DA:9,3
DA:10,13
DA:11,1
DA:12,12
DA:13,9
DA:14,9
DA:15,9
DA:16,9
DA:17,9
DA:20,9
DA:21,9
DA:22,4
DA:23,4
DA:25,9
DA:26,9
DA:28,3
DA:33,12
LF:18
LH:18
BRDA:8,0,0,3
BRDA:8,0,1,13
BRDA:10,1,0,1
BRDA:10,1,1,12
BRDA:12,2,0,9
BRDA:12,2,1,3
BRDA:21,3,0,4
BRDA:21,3,1,5
BRF:8
BRH:8
end_of_record
TN:
SF:/home/njunge/projects/kadi/src/index.js
FN:12,(anonymous_0)
FN:22,(anonymous_1)
FN:25,(anonymous_2)
FN:33,(anonymous_3)
FN:37,(anonymous_4)
FN:41,(anonymous_5)
FN:42,(anonymous_6)
FNF:7
FNH:3
FNDA:30,(anonymous_0)
FNDA:0,(anonymous_1)
FNDA:0,(anonymous_2)
FNDA:16,(anonymous_3)
FNDA:9,(anonymous_4)
FNDA:0,(anonymous_5)
FNDA:0,(anonymous_6)
DA:12,3
DA:13,30
DA:14,0
DA:17,30
DA:18,4
DA:20,26
DA:21,26
DA:22,0
DA:23,0
DA:25,0
DA:26,0
DA:30,26
DA:33,3
DA:34,16
DA:37,3
DA:38,9
DA:41,3
DA:42,0
DA:43,0
DA:44,0
DA:45,0
LF:21
LH:12
BRDA:13,0,0,0
BRDA:13,0,1,30
BRDA:17,1,0,4
BRDA:17,1,1,26
BRDA:21,2,0,0
BRDA:21,2,1,26
BRDA:30,3,0,25
BRDA:30,3,1,1
BRF:8
BRH:6
end_of_record
